<?xml version="1.0" encoding="UTF-8"?>
<!-- Generated by org.testng.reporters.JUnitReportReporter -->
<testsuite hostname="LAPTOP-GU4DCSBO" failures="0" tests="1" name="testpkg.Testclass" time="5.131" errors="0" timestamp="2023-11-09T18:56:51 IST" skipped="0">
  <testcase classname="testpkg.Testclass" name="test" time="5.131"/>
  <system-out/>
</testsuite> <!-- testpkg.Testclass -->
